Using pre-set license
Built from '2021.3/staging' branch; Version is '2021.3.22f1 (b6c551784ba3) revision 11978065'; Using compiler version '192829333'; Build Type 'Release'
OS: 'Windows 11  (10.0.22621) 64bit Core' Language: 'en' Physical Memory: 65197 MB
BatchMode: 1, IsHumanControllingUs: 0, StartBugReporterOnCrash: 0, Is64bit: 1, IsPro: 1

COMMAND LINE ARGUMENTS:
C:\Program Files\Unity\Hub\Editor\2021.3.22f1\Editor\Unity.exe
-adb2
-batchMode
-noUpm
-name
AssetImportWorker0
-projectPath
C:/Users/jasmi/OneDrive/Documents/GitHub/Capstonegames/Space
-logFile
Logs/AssetImportWorker0.log
-srvPort
55850
Successfully changed project path to: C:/Users/jasmi/OneDrive/Documents/GitHub/Capstonegames/Space
C:/Users/jasmi/OneDrive/Documents/GitHub/Capstonegames/Space
[UnityMemory] Configuration Parameters - Can be set up in boot.config
    "memorysetup-bucket-allocator-granularity=16"
    "memorysetup-bucket-allocator-bucket-count=8"
    "memorysetup-bucket-allocator-block-size=33554432"
    "memorysetup-bucket-allocator-block-count=8"
    "memorysetup-main-allocator-block-size=16777216"
    "memorysetup-thread-allocator-block-size=16777216"
    "memorysetup-gfx-main-allocator-block-size=16777216"
    "memorysetup-gfx-thread-allocator-block-size=16777216"
    "memorysetup-cache-allocator-block-size=4194304"
    "memorysetup-typetree-allocator-block-size=2097152"
    "memorysetup-profiler-bucket-allocator-granularity=16"
    "memorysetup-profiler-bucket-allocator-bucket-count=8"
    "memorysetup-profiler-bucket-allocator-block-size=33554432"
    "memorysetup-profiler-bucket-allocator-block-count=8"
    "memorysetup-profiler-allocator-block-size=16777216"
    "memorysetup-profiler-editor-allocator-block-size=1048576"
    "memorysetup-temp-allocator-size-main=16777216"
    "memorysetup-job-temp-allocator-block-size=2097152"
    "memorysetup-job-temp-allocator-block-size-background=1048576"
    "memorysetup-job-temp-allocator-reduction-small-platforms=262144"
    "memorysetup-temp-allocator-size-background-worker=32768"
    "memorysetup-temp-allocator-size-job-worker=262144"
    "memorysetup-temp-allocator-size-preload-manager=33554432"
    "memorysetup-temp-allocator-size-nav-mesh-worker=65536"
    "memorysetup-temp-allocator-size-audio-worker=65536"
    "memorysetup-temp-allocator-size-cloud-worker=32768"
    "memorysetup-temp-allocator-size-gi-baking-worker=262144"
    "memorysetup-temp-allocator-size-gfx=262144"
Player connection [19216] Host "[IP] 192.168.1.23 [Port] 0 [Flags] 2 [Guid] 316736513 [EditorId] 316736513 [Version] 1048832 [Id] WindowsEditor(7,JazzyGaming) [Debug] 1 [PackageName] WindowsEditor [ProjectName] Editor" joined multi-casting on [225.0.0.222:54997]...

Player connection [19216] Host "[IP] 192.168.1.23 [Port] 0 [Flags] 2 [Guid] 316736513 [EditorId] 316736513 [Version] 1048832 [Id] WindowsEditor(7,JazzyGaming) [Debug] 1 [PackageName] WindowsEditor [ProjectName] Editor" joined alternative multi-casting on [225.0.0.222:34997]...

Refreshing native plugins compatible for Editor in 77.50 ms, found 3 plugins.
Preloading 0 native plugins for Editor in 0.00 ms.
Initialize engine version: 2021.3.22f1 (b6c551784ba3)
[Subsystems] Discovering subsystems at path C:/Program Files/Unity/Hub/Editor/2021.3.22f1/Editor/Data/Resources/UnitySubsystems
[Subsystems] Discovering subsystems at path C:/Users/jasmi/OneDrive/Documents/GitHub/Capstonegames/Space/Assets
GfxDevice: creating device client; threaded=0; jobified=0
Direct3D:
    Version:  Direct3D 11.0 [level 11.1]
    Renderer: NVIDIA GeForce RTX 3080 Laptop GPU (ID=0x24dc)
    Vendor:   NVIDIA
    VRAM:     16191 MB
    Driver:   31.0.15.2754
Initialize mono
Mono path[0] = 'C:/Program Files/Unity/Hub/Editor/2021.3.22f1/Editor/Data/Managed'
Mono path[1] = 'C:/Program Files/Unity/Hub/Editor/2021.3.22f1/Editor/Data/MonoBleedingEdge/lib/mono/unityjit-win32'
Mono config path = 'C:/Program Files/Unity/Hub/Editor/2021.3.22f1/Editor/Data/MonoBleedingEdge/etc'
Using monoOptions --debugger-agent=transport=dt_socket,embedding=1,server=y,suspend=n,address=127.0.0.1:56012
Begin MonoManager ReloadAssembly
Registering precompiled unity dll's ...
Register platform support module: C:/Program Files/Unity/Hub/Editor/2021.3.22f1/Editor/Data/PlaybackEngines/WindowsStandaloneSupport/UnityEditor.WindowsStandalone.Extensions.dll
Registered in 0.004324 seconds.
Native extension for WindowsStandalone target not found
Refreshing native plugins compatible for Editor in 66.63 ms, found 3 plugins.
Preloading 0 native plugins for Editor in 0.00 ms.
Mono: successfully reloaded assembly
- Completed reload, in  0.604 seconds
Domain Reload Profiling:
	ReloadAssembly (604ms)
		BeginReloadAssembly (86ms)
			ExecutionOrderSort (0ms)
			DisableScriptedObjects (0ms)
			BackupInstance (0ms)
			ReleaseScriptingObjects (0ms)
			CreateAndSetChildDomain (1ms)
		EndReloadAssembly (430ms)
			LoadAssemblies (84ms)
			RebuildTransferFunctionScriptingTraits (0ms)
			SetupTypeCache (100ms)
			ReleaseScriptCaches (0ms)
			RebuildScriptCaches (35ms)
			SetupLoadedEditorAssemblies (247ms)
				LogAssemblyErrors (0ms)
				InitializePlatformSupportModulesInManaged (6ms)
				SetLoadedEditorAssemblies (0ms)
				RefreshPlugins (67ms)
				BeforeProcessingInitializeOnLoad (2ms)
				ProcessInitializeOnLoadAttributes (125ms)
				ProcessInitializeOnLoadMethodAttributes (47ms)
				AfterProcessingInitializeOnLoad (0ms)
				EditorAssembliesLoaded (0ms)
			ExecutionOrderSort2 (0ms)
			AwakeInstancesAfterBackupRestoration (0ms)
Platform modules already initialized, skipping
Registering precompiled user dll's ...
Registered in 0.005505 seconds.
Begin MonoManager ReloadAssembly
Symbol file LoadedFromMemory doesn't match image C:\Users\jasmi\OneDrive\Documents\GitHub\Capstonegames\Space\Library\PackageCache\com.unity.visualscripting@1.8.0\Editor\VisualScripting.Core\Dependencies\YamlDotNet\Unity.VisualScripting.YamlDotNet.dll
Symbol file LoadedFromMemory doesn't match image C:\Users\jasmi\OneDrive\Documents\GitHub\Capstonegames\Space\Library\PackageCache\com.unity.visualscripting@1.8.0\Editor\VisualScripting.Core\Dependencies\DotNetZip\Unity.VisualScripting.IonicZip.dll
Native extension for WindowsStandalone target not found
Refreshing native plugins compatible for Editor in 0.95 ms, found 3 plugins.
Preloading 0 native plugins for Editor in 0.00 ms.
Mono: successfully reloaded assembly
- Completed reload, in  0.977 seconds
Domain Reload Profiling:
	ReloadAssembly (978ms)
		BeginReloadAssembly (123ms)
			ExecutionOrderSort (0ms)
			DisableScriptedObjects (7ms)
			BackupInstance (0ms)
			ReleaseScriptingObjects (0ms)
			CreateAndSetChildDomain (20ms)
		EndReloadAssembly (750ms)
			LoadAssemblies (76ms)
			RebuildTransferFunctionScriptingTraits (0ms)
			SetupTypeCache (270ms)
			ReleaseScriptCaches (1ms)
			RebuildScriptCaches (53ms)
			SetupLoadedEditorAssemblies (310ms)
				LogAssemblyErrors (0ms)
				InitializePlatformSupportModulesInManaged (4ms)
				SetLoadedEditorAssemblies (1ms)
				RefreshPlugins (1ms)
				BeforeProcessingInitializeOnLoad (75ms)
				ProcessInitializeOnLoadAttributes (206ms)
				ProcessInitializeOnLoadMethodAttributes (15ms)
				AfterProcessingInitializeOnLoad (7ms)
				EditorAssembliesLoaded (0ms)
			ExecutionOrderSort2 (0ms)
			AwakeInstancesAfterBackupRestoration (10ms)
Platform modules already initialized, skipping
========================================================================
Worker process is ready to serve import requests
Launched and connected shader compiler UnityShaderCompiler.exe after 0.21 seconds
Refreshing native plugins compatible for Editor in 0.58 ms, found 3 plugins.
Preloading 0 native plugins for Editor in 0.00 ms.
Unloading 3049 Unused Serialized files (Serialized files now loaded: 0)
Unloading 24 unused Assets / (113.7 KB). Loaded Objects now: 3509.
Memory consumption went from 107.6 MB to 107.5 MB.
Total: 2.745700 ms (FindLiveObjects: 0.251300 ms CreateObjectMapping: 0.081400 ms MarkObjects: 2.224700 ms  DeleteObjects: 0.187300 ms)

AssetImportParameters requested are different than current active one (requested -> active):
  custom:video-decoder-ogg-theora: a1e56fd34408186e4bbccfd4996cb3dc -> 
  custom:container-muxer-webm: aa71ff27fc2769a1b78a27578f13a17b -> 
  custom:container-demuxer-webm: 4f35f7cbe854078d1ac9338744f61a02 -> 
  custom:video-encoder-webm-vp8: eb34c28f22e8b96e1ab97ce403110664 -> 
  custom:video-codec-MediaFoundation-h265: 746d11721c4dcdbdad8f713fa42b33f4 -> 
  custom:audio-encoder-webm-vorbis: bf7c407c2cedff20999df2af8eb42d56 -> 
  custom:framework-win-MediaFoundation: 216162199b28c13a410421893ffa2e32 -> 
  custom:container-demuxer-ogg: 62fdf1f143b41e24485cea50d1cbac27 -> 
  custom:video-decoder-webm-vp8: 9c59270c3fd7afecdb556c50c9e8de78 -> 
  custom:audio-decoder-ogg-vorbis: bf7c407c2cedff20999df2af8eb42d56 -> 
========================================================================
Received Import Request.
  Time since last request: 1309769.451543 seconds.
  path: Assets/images/escape pod
  artifactKey: Guid(a9a469a6e41e023499bbf211dabb7c61) Importer(815301076,1909f56bfc062723c751e8b465ee728b)
Start importing Assets/images/escape pod using Guid(a9a469a6e41e023499bbf211dabb7c61) Importer(815301076,1909f56bfc062723c751e8b465ee728b)  -> (artifact id: 'be8960f60f8fc94481f42ef2be402b57') in 0.030903 seconds 
========================================================================
Received Import Request.
  Time since last request: 3.548191 seconds.
  path: Assets/images/back escape
  artifactKey: Guid(06b0a0a20bde1344d83d6a5d88e8ecac) Importer(815301076,1909f56bfc062723c751e8b465ee728b)
Start importing Assets/images/back escape using Guid(06b0a0a20bde1344d83d6a5d88e8ecac) Importer(815301076,1909f56bfc062723c751e8b465ee728b)  -> (artifact id: '9ebf2c0bcab90d5e65632480d2f3f3c3') in 0.005087 seconds 
========================================================================
Received Import Request.
  Time since last request: 0.761332 seconds.
  path: Assets/images/asternant and gun
  artifactKey: Guid(4363db78247f37e4cb6c8af0d004476b) Importer(815301076,1909f56bfc062723c751e8b465ee728b)
Start importing Assets/images/asternant and gun using Guid(4363db78247f37e4cb6c8af0d004476b) Importer(815301076,1909f56bfc062723c751e8b465ee728b)  -> (artifact id: 'b26723f0ee0900fee8f01319be5db496') in 0.002694 seconds 
========================================================================
Received Import Request.
  Time since last request: 19.231261 seconds.
  path: Assets/images/sprite
  artifactKey: Guid(896503ec02ee1ed45869818ecea43497) Importer(815301076,1909f56bfc062723c751e8b465ee728b)
Start importing Assets/images/sprite using Guid(896503ec02ee1ed45869818ecea43497) Importer(815301076,1909f56bfc062723c751e8b465ee728b)  -> (artifact id: '09445900f5181fbf4f6abd074f4e70e2') in 0.004044 seconds 
========================================================================
Received Import Request.
  Time since last request: 63.419225 seconds.
  path: Assets/images/intina
  artifactKey: Guid(b2356d6474ee93d48ae32e0d985152fe) Importer(815301076,1909f56bfc062723c751e8b465ee728b)
Start importing Assets/images/intina using Guid(b2356d6474ee93d48ae32e0d985152fe) Importer(815301076,1909f56bfc062723c751e8b465ee728b)  -> (artifact id: '5d430b5449d893c0d3b96e71734f56b4') in 0.004831 seconds 
========================================================================
Received Import Request.
  Time since last request: 415.741801 seconds.
  path: Assets/images/back and glass repair.png
  artifactKey: Guid(6b5b41641c7334f4f8b91f37c81df0c4) Importer(815301076,1909f56bfc062723c751e8b465ee728b)
Start importing Assets/images/back and glass repair.png using Guid(6b5b41641c7334f4f8b91f37c81df0c4) Importer(815301076,1909f56bfc062723c751e8b465ee728b)  -> (artifact id: 'c7d7a083ecfb4a3deb37ca72d5ec9808') in 0.339146 seconds 
========================================================================
Received Import Request.
  Time since last request: 0.000028 seconds.
  path: Assets/images/entena.png
  artifactKey: Guid(917a0c1ab8c77fa4fa001285f0bc4610) Importer(815301076,1909f56bfc062723c751e8b465ee728b)
Start importing Assets/images/entena.png using Guid(917a0c1ab8c77fa4fa001285f0bc4610) Importer(815301076,1909f56bfc062723c751e8b465ee728b)  -> (artifact id: 'eb2224d00be029cc909b3ccb97321f60') in 0.016346 seconds 
========================================================================
Received Import Request.
  Time since last request: 0.000041 seconds.
  path: Assets/images/left engine.png
  artifactKey: Guid(19827cbd961da3e408b745bbdce29844) Importer(815301076,1909f56bfc062723c751e8b465ee728b)
Start importing Assets/images/left engine.png using Guid(19827cbd961da3e408b745bbdce29844) Importer(815301076,1909f56bfc062723c751e8b465ee728b)  -> (artifact id: 'e38b5c672393567c54eb939e6025dc94') in 0.015763 seconds 
========================================================================
Received Import Request.
  Time since last request: 0.000054 seconds.
  path: Assets/images/shuttle.png
  artifactKey: Guid(03a0ce82707382e40a06046e7515c13e) Importer(815301076,1909f56bfc062723c751e8b465ee728b)
Start importing Assets/images/shuttle.png using Guid(03a0ce82707382e40a06046e7515c13e) Importer(815301076,1909f56bfc062723c751e8b465ee728b)  -> (artifact id: 'b27ddd58d0d59cec354933f641b52201') in 0.014033 seconds 
========================================================================
Received Import Request.
  Time since last request: 0.000063 seconds.
  path: Assets/images/escape pod 4.png
  artifactKey: Guid(d0bc37017f0188947938589ce1d0b62a) Importer(815301076,1909f56bfc062723c751e8b465ee728b)
Start importing Assets/images/escape pod 4.png using Guid(d0bc37017f0188947938589ce1d0b62a) Importer(815301076,1909f56bfc062723c751e8b465ee728b)  -> (artifact id: '0d5d1ef78c23dc5979202c001622068d') in 0.016873 seconds 
========================================================================
Received Import Request.
  Time since last request: 0.000023 seconds.
  path: Assets/images/player_gun.png
  artifactKey: Guid(47d0d7f61b3a73b478a99be561fc81d3) Importer(815301076,1909f56bfc062723c751e8b465ee728b)
Start importing Assets/images/player_gun.png using Guid(47d0d7f61b3a73b478a99be561fc81d3) Importer(815301076,1909f56bfc062723c751e8b465ee728b)  -> (artifact id: '24e5eb2fa73e56e4c8ffcb5778a2849f') in 0.020591 seconds 
Editor requested this worker to shutdown with reason: Scaling down because of idle timeout
AssetImportWorker is now disconnected from the server
Process exiting
Exiting without the bug reporter. Application will terminate with return code 0