Using pre-set license
Built from '2021.3/staging' branch; Version is '2021.3.22f1 (b6c551784ba3) revision 11978065'; Using compiler version '192829333'; Build Type 'Release'
OS: 'Windows 11  (10.0.22621) 64bit Core' Language: 'en' Physical Memory: 65197 MB
BatchMode: 1, IsHumanControllingUs: 0, StartBugReporterOnCrash: 0, Is64bit: 1, IsPro: 1

COMMAND LINE ARGUMENTS:
C:\Program Files\Unity\Hub\Editor\2021.3.22f1\Editor\Unity.exe
-adb2
-batchMode
-noUpm
-name
AssetImportWorker2
-projectPath
C:/Users/jasmi/OneDrive/Documents/GitHub/Capstonegames/Space
-logFile
Logs/AssetImportWorker2.log
-srvPort
55850
Successfully changed project path to: C:/Users/jasmi/OneDrive/Documents/GitHub/Capstonegames/Space
C:/Users/jasmi/OneDrive/Documents/GitHub/Capstonegames/Space
[UnityMemory] Configuration Parameters - Can be set up in boot.config
    "memorysetup-bucket-allocator-granularity=16"
    "memorysetup-bucket-allocator-bucket-count=8"
    "memorysetup-bucket-allocator-block-size=33554432"
    "memorysetup-bucket-allocator-block-count=8"
    "memorysetup-main-allocator-block-size=16777216"
    "memorysetup-thread-allocator-block-size=16777216"
    "memorysetup-gfx-main-allocator-block-size=16777216"
    "memorysetup-gfx-thread-allocator-block-size=16777216"
    "memorysetup-cache-allocator-block-size=4194304"
    "memorysetup-typetree-allocator-block-size=2097152"
    "memorysetup-profiler-bucket-allocator-granularity=16"
    "memorysetup-profiler-bucket-allocator-bucket-count=8"
    "memorysetup-profiler-bucket-allocator-block-size=33554432"
    "memorysetup-profiler-bucket-allocator-block-count=8"
    "memorysetup-profiler-allocator-block-size=16777216"
    "memorysetup-profiler-editor-allocator-block-size=1048576"
    "memorysetup-temp-allocator-size-main=16777216"
    "memorysetup-job-temp-allocator-block-size=2097152"
    "memorysetup-job-temp-allocator-block-size-background=1048576"
    "memorysetup-job-temp-allocator-reduction-small-platforms=262144"
    "memorysetup-temp-allocator-size-background-worker=32768"
    "memorysetup-temp-allocator-size-job-worker=262144"
    "memorysetup-temp-allocator-size-preload-manager=33554432"
    "memorysetup-temp-allocator-size-nav-mesh-worker=65536"
    "memorysetup-temp-allocator-size-audio-worker=65536"
    "memorysetup-temp-allocator-size-cloud-worker=32768"
    "memorysetup-temp-allocator-size-gi-baking-worker=262144"
    "memorysetup-temp-allocator-size-gfx=262144"
Player connection [31376] Host "[IP] 192.168.1.23 [Port] 0 [Flags] 2 [Guid] 534663790 [EditorId] 534663790 [Version] 1048832 [Id] WindowsEditor(7,JazzyGaming) [Debug] 1 [PackageName] WindowsEditor [ProjectName] Editor" joined multi-casting on [225.0.0.222:54997]...

Player connection [31376] Host "[IP] 192.168.1.23 [Port] 0 [Flags] 2 [Guid] 534663790 [EditorId] 534663790 [Version] 1048832 [Id] WindowsEditor(7,JazzyGaming) [Debug] 1 [PackageName] WindowsEditor [ProjectName] Editor" joined alternative multi-casting on [225.0.0.222:34997]...

Refreshing native plugins compatible for Editor in 77.14 ms, found 3 plugins.
Preloading 0 native plugins for Editor in 0.00 ms.
Initialize engine version: 2021.3.22f1 (b6c551784ba3)
[Subsystems] Discovering subsystems at path C:/Program Files/Unity/Hub/Editor/2021.3.22f1/Editor/Data/Resources/UnitySubsystems
[Subsystems] Discovering subsystems at path C:/Users/jasmi/OneDrive/Documents/GitHub/Capstonegames/Space/Assets
GfxDevice: creating device client; threaded=0; jobified=0
Direct3D:
    Version:  Direct3D 11.0 [level 11.1]
    Renderer: NVIDIA GeForce RTX 3080 Laptop GPU (ID=0x24dc)
    Vendor:   NVIDIA
    VRAM:     16191 MB
    Driver:   31.0.15.2754
Initialize mono
Mono path[0] = 'C:/Program Files/Unity/Hub/Editor/2021.3.22f1/Editor/Data/Managed'
Mono path[1] = 'C:/Program Files/Unity/Hub/Editor/2021.3.22f1/Editor/Data/MonoBleedingEdge/lib/mono/unityjit-win32'
Mono config path = 'C:/Program Files/Unity/Hub/Editor/2021.3.22f1/Editor/Data/MonoBleedingEdge/etc'
Using monoOptions --debugger-agent=transport=dt_socket,embedding=1,server=y,suspend=n,address=127.0.0.1:56084
Begin MonoManager ReloadAssembly
Registering precompiled unity dll's ...
Register platform support module: C:/Program Files/Unity/Hub/Editor/2021.3.22f1/Editor/Data/PlaybackEngines/WindowsStandaloneSupport/UnityEditor.WindowsStandalone.Extensions.dll
Registered in 0.005492 seconds.
Native extension for WindowsStandalone target not found
Refreshing native plugins compatible for Editor in 69.65 ms, found 3 plugins.
Preloading 0 native plugins for Editor in 0.00 ms.
Mono: successfully reloaded assembly
- Completed reload, in  0.578 seconds
Domain Reload Profiling:
	ReloadAssembly (578ms)
		BeginReloadAssembly (83ms)
			ExecutionOrderSort (0ms)
			DisableScriptedObjects (0ms)
			BackupInstance (0ms)
			ReleaseScriptingObjects (0ms)
			CreateAndSetChildDomain (1ms)
		EndReloadAssembly (405ms)
			LoadAssemblies (81ms)
			RebuildTransferFunctionScriptingTraits (0ms)
			SetupTypeCache (90ms)
			ReleaseScriptCaches (0ms)
			RebuildScriptCaches (27ms)
			SetupLoadedEditorAssemblies (240ms)
				LogAssemblyErrors (0ms)
				InitializePlatformSupportModulesInManaged (6ms)
				SetLoadedEditorAssemblies (1ms)
				RefreshPlugins (70ms)
				BeforeProcessingInitializeOnLoad (1ms)
				ProcessInitializeOnLoadAttributes (118ms)
				ProcessInitializeOnLoadMethodAttributes (45ms)
				AfterProcessingInitializeOnLoad (0ms)
				EditorAssembliesLoaded (0ms)
			ExecutionOrderSort2 (0ms)
			AwakeInstancesAfterBackupRestoration (0ms)
Platform modules already initialized, skipping
Registering precompiled user dll's ...
Registered in 0.007908 seconds.
Begin MonoManager ReloadAssembly
Symbol file LoadedFromMemory doesn't match image C:\Users\jasmi\OneDrive\Documents\GitHub\Capstonegames\Space\Library\PackageCache\com.unity.visualscripting@1.8.0\Editor\VisualScripting.Core\Dependencies\YamlDotNet\Unity.VisualScripting.YamlDotNet.dll
Symbol file LoadedFromMemory doesn't match image C:\Users\jasmi\OneDrive\Documents\GitHub\Capstonegames\Space\Library\PackageCache\com.unity.visualscripting@1.8.0\Editor\VisualScripting.Core\Dependencies\DotNetZip\Unity.VisualScripting.IonicZip.dll
Native extension for WindowsStandalone target not found
Refreshing native plugins compatible for Editor in 0.50 ms, found 3 plugins.
Preloading 0 native plugins for Editor in 0.00 ms.
Mono: successfully reloaded assembly
- Completed reload, in  1.015 seconds
Domain Reload Profiling:
	ReloadAssembly (1016ms)
		BeginReloadAssembly (116ms)
			ExecutionOrderSort (0ms)
			DisableScriptedObjects (5ms)
			BackupInstance (0ms)
			ReleaseScriptingObjects (0ms)
			CreateAndSetChildDomain (21ms)
		EndReloadAssembly (789ms)
			LoadAssemblies (85ms)
			RebuildTransferFunctionScriptingTraits (0ms)
			SetupTypeCache (258ms)
			ReleaseScriptCaches (1ms)
			RebuildScriptCaches (45ms)
			SetupLoadedEditorAssemblies (371ms)
				LogAssemblyErrors (0ms)
				InitializePlatformSupportModulesInManaged (4ms)
				SetLoadedEditorAssemblies (0ms)
				RefreshPlugins (1ms)
				BeforeProcessingInitializeOnLoad (91ms)
				ProcessInitializeOnLoadAttributes (241ms)
				ProcessInitializeOnLoadMethodAttributes (24ms)
				AfterProcessingInitializeOnLoad (10ms)
				EditorAssembliesLoaded (0ms)
			ExecutionOrderSort2 (0ms)
			AwakeInstancesAfterBackupRestoration (6ms)
Platform modules already initialized, skipping
========================================================================
Worker process is ready to serve import requests
Launched and connected shader compiler UnityShaderCompiler.exe after 0.22 seconds
Refreshing native plugins compatible for Editor in 0.56 ms, found 3 plugins.
Preloading 0 native plugins for Editor in 0.00 ms.
Unloading 3049 Unused Serialized files (Serialized files now loaded: 0)
Unloading 24 unused Assets / (113.7 KB). Loaded Objects now: 3509.
Memory consumption went from 107.6 MB to 107.5 MB.
Total: 2.898000 ms (FindLiveObjects: 0.240800 ms CreateObjectMapping: 0.096700 ms MarkObjects: 2.412400 ms  DeleteObjects: 0.147000 ms)

AssetImportParameters requested are different than current active one (requested -> active):
  custom:video-decoder-ogg-theora: a1e56fd34408186e4bbccfd4996cb3dc -> 
  custom:container-muxer-webm: aa71ff27fc2769a1b78a27578f13a17b -> 
  custom:container-demuxer-webm: 4f35f7cbe854078d1ac9338744f61a02 -> 
  custom:video-encoder-webm-vp8: eb34c28f22e8b96e1ab97ce403110664 -> 
  custom:video-codec-MediaFoundation-h265: 746d11721c4dcdbdad8f713fa42b33f4 -> 
  custom:audio-encoder-webm-vorbis: bf7c407c2cedff20999df2af8eb42d56 -> 
  custom:framework-win-MediaFoundation: 216162199b28c13a410421893ffa2e32 -> 
  custom:container-demuxer-ogg: 62fdf1f143b41e24485cea50d1cbac27 -> 
  custom:video-decoder-webm-vp8: 9c59270c3fd7afecdb556c50c9e8de78 -> 
  custom:audio-decoder-ogg-vorbis: bf7c407c2cedff20999df2af8eb42d56 -> 
========================================================================
Received Import Request.
  Time since last request: 1310355.142628 seconds.
  path: Assets/images/escaape pod.png
  artifactKey: Guid(83388ca97b97ca4469ed32483e571746) Importer(815301076,1909f56bfc062723c751e8b465ee728b)
Start importing Assets/images/escaape pod.png using Guid(83388ca97b97ca4469ed32483e571746) Importer(815301076,1909f56bfc062723c751e8b465ee728b)  -> (artifact id: 'b74209658c1997bafb33c626416ce215') in 0.214856 seconds 
========================================================================
Received Import Request.
  Time since last request: 11.142907 seconds.
  path: Assets/images/back and glass repair.png
  artifactKey: Guid(6b5b41641c7334f4f8b91f37c81df0c4) Importer(815301076,1909f56bfc062723c751e8b465ee728b)
Start importing Assets/images/back and glass repair.png using Guid(6b5b41641c7334f4f8b91f37c81df0c4) Importer(815301076,1909f56bfc062723c751e8b465ee728b)  -> (artifact id: '8b1b1004c208912c09a97e67c85cf55a') in 0.231834 seconds 
========================================================================
Received Import Request.
  Time since last request: 9.195435 seconds.
  path: Assets/images/big asteriod.png
  artifactKey: Guid(d8210396a8e96664d899aea267ef714a) Importer(815301076,1909f56bfc062723c751e8b465ee728b)
Start importing Assets/images/big asteriod.png using Guid(d8210396a8e96664d899aea267ef714a) Importer(815301076,1909f56bfc062723c751e8b465ee728b)  -> (artifact id: '41129aacf67cfb1c27cfd3c2c65dfd15') in 0.175701 seconds 
========================================================================
Received Import Request.
  Time since last request: 11.236962 seconds.
  path: Assets/images/entena.png
  artifactKey: Guid(917a0c1ab8c77fa4fa001285f0bc4610) Importer(815301076,1909f56bfc062723c751e8b465ee728b)
Start importing Assets/images/entena.png using Guid(917a0c1ab8c77fa4fa001285f0bc4610) Importer(815301076,1909f56bfc062723c751e8b465ee728b)  -> (artifact id: '7cbf339c738fe70b84805e580d4f73b7') in 0.173961 seconds 
========================================================================
Received Import Request.
  Time since last request: 6.891546 seconds.
  path: Assets/images/escape pod 2.png
  artifactKey: Guid(01d34117fb44b1547b745c92591fb6a0) Importer(815301076,1909f56bfc062723c751e8b465ee728b)
Start importing Assets/images/escape pod 2.png using Guid(01d34117fb44b1547b745c92591fb6a0) Importer(815301076,1909f56bfc062723c751e8b465ee728b)  -> (artifact id: '20000894d30f77d40986f5accf9873cd') in 0.226937 seconds 
========================================================================
Received Import Request.
  Time since last request: 8.112587 seconds.
  path: Assets/images/escape pod 3.png
  artifactKey: Guid(570df85424f6c71438f9587d0e84dd91) Importer(815301076,1909f56bfc062723c751e8b465ee728b)
Start importing Assets/images/escape pod 3.png using Guid(570df85424f6c71438f9587d0e84dd91) Importer(815301076,1909f56bfc062723c751e8b465ee728b)  -> (artifact id: 'c9d072467a159ba2b4ea93c5a178a576') in 0.231326 seconds 
========================================================================
Received Import Request.
  Time since last request: 8.217330 seconds.
  path: Assets/images/escape pod 4.png
  artifactKey: Guid(d0bc37017f0188947938589ce1d0b62a) Importer(815301076,1909f56bfc062723c751e8b465ee728b)
Start importing Assets/images/escape pod 4.png using Guid(d0bc37017f0188947938589ce1d0b62a) Importer(815301076,1909f56bfc062723c751e8b465ee728b)  -> (artifact id: '8e273527ae688850aa0524b4467ab298') in 0.214829 seconds 
========================================================================
Received Import Request.
  Time since last request: 7.848901 seconds.
  path: Assets/images/left engine.png
  artifactKey: Guid(19827cbd961da3e408b745bbdce29844) Importer(815301076,1909f56bfc062723c751e8b465ee728b)
Start importing Assets/images/left engine.png using Guid(19827cbd961da3e408b745bbdce29844) Importer(815301076,1909f56bfc062723c751e8b465ee728b)  -> (artifact id: '6713a758d9325a77c35d711d3393afcd') in 0.173662 seconds 
========================================================================
Received Import Request.
  Time since last request: 6.255656 seconds.
  path: Assets/images/mdium asteriod.png
  artifactKey: Guid(b7c805369a4965c4c8cd5c19d8b85e37) Importer(815301076,1909f56bfc062723c751e8b465ee728b)
Start importing Assets/images/mdium asteriod.png using Guid(b7c805369a4965c4c8cd5c19d8b85e37) Importer(815301076,1909f56bfc062723c751e8b465ee728b)  -> (artifact id: 'e0d85d59a9807a6c5428dd469c179f8d') in 0.191514 seconds 
========================================================================
Received Import Request.
  Time since last request: 6.741126 seconds.
  path: Assets/images/player_gun.png
  artifactKey: Guid(47d0d7f61b3a73b478a99be561fc81d3) Importer(815301076,1909f56bfc062723c751e8b465ee728b)
Start importing Assets/images/player_gun.png using Guid(47d0d7f61b3a73b478a99be561fc81d3) Importer(815301076,1909f56bfc062723c751e8b465ee728b)  -> (artifact id: '35751f1d1e55f682ce1354f9895c88a7') in 0.183533 seconds 
========================================================================
Received Import Request.
  Time since last request: 7.529212 seconds.
  path: Assets/images/shuttle.png
  artifactKey: Guid(03a0ce82707382e40a06046e7515c13e) Importer(815301076,1909f56bfc062723c751e8b465ee728b)
Start importing Assets/images/shuttle.png using Guid(03a0ce82707382e40a06046e7515c13e) Importer(815301076,1909f56bfc062723c751e8b465ee728b)  -> (artifact id: 'c7c168256c50be718b85e11147b30612') in 0.201661 seconds 
========================================================================
Received Import Request.
  Time since last request: 6.498126 seconds.
  path: Assets/images/small asteriod.png
  artifactKey: Guid(83e3c3a62b4c6f64d841f80fd004a06e) Importer(815301076,1909f56bfc062723c751e8b465ee728b)
Start importing Assets/images/small asteriod.png using Guid(83e3c3a62b4c6f64d841f80fd004a06e) Importer(815301076,1909f56bfc062723c751e8b465ee728b)  -> (artifact id: 'd831baf137a093840ccd11bc14f3fa50') in 0.168379 seconds 
